<?xml version="1.0" encoding="UTF-8"?>
<!-- Generated by org.testng.reporters.JUnitXMLReporter -->
<testsuite hostname="spring2" ignored="0" name="Test" tests="3" failures="0" timestamp="02 May 2018 17:47:57 GMT" time="19.873" errors="0">
  <testcase name="f" time="0.028" classname="selenium.webdriver.basic.Lekha"/>
  <testcase name="radio" time="9.219" classname="selenium.webdriver.basic.Radiobutton"/>
  <testcase name="verifyValidLogin" time="10.51" classname="com.wordpress.TestCases.VerifyWordpressLogin"/>
</testsuite> <!-- Test -->
